<?xml version="1.0" encoding="UTF-8"?>
<!-- Generated by org.testng.reporters.JUnitReportReporter -->
<testsuite hostname="shailesh" failures="0" tests="1" name="com.zoob.login.page.LoginPageTestScript" time="13.567" errors="0" timestamp="2025-05-30T06:47:31 IST" skipped="0">
  <testcase classname="com.zoob.login.page.LoginPageTestScript" name="inValidLogin" time="13.567"/>
</testsuite> <!-- com.zoob.login.page.LoginPageTestScript -->
